<?xml version="1.0" encoding="UTF-8"?>
<testsuite xmlns:xsi="http://www.w3.org/2001/XMLSchema-instance" xsi:noNamespaceSchemaLocation="https://maven.apache.org/surefire/maven-surefire-plugin/xsd/surefire-test-report.xsd" version="3.0.2" name="com.cognizant.sprint_learn.SprintLearnApplicationTests" time="7.137" tests="1" errors="0" skipped="0" failures="0">
  <properties>
[...]
</properties>
  <testcase name="contextLoads" classname="com.cognizant.sprint_learn.SprintLearnApplicationTests" time="1.827">
    <system-out><![CDATA[00:29:55.945 [main] INFO org.springframework.test.context.support.AnnotationConfigContextLoaderUtils -- Could not detect default configuration classes for test class [com.cognizant.sprint_learn.SprintLearnApplicationTests]: SprintLearnApplicationTests does not declare any static, non-private, non-final, nested classes annotated with @Configuration.
00:29:56.267 [main] INFO org.springframework.boot.test.context.SpringBootTestContextBootstrapper -- Found @SpringBootConfiguration com.cognizant.sprint_learn.SprintLearnApplication for test class com.cognizant.sprint_learn.SprintLearnApplicationTests
00:29:56.826 [main] INFO org.springframework.boot.devtools.restart.RestartApplicationListener -- Restart disabled due to context in which it is running

  .   ____          _            __ _ _
 /\\ / ___'_ __ _ _(_)_ __  __ _ \ \ \ \
( ( )\___ | '_ | '_| | '_ \/ _` | \ \ \ \
 \\/  ___)| |_)| | | | | || (_| |  ) ) ) )
  '  |____| .__|_| |_|_| |_\__, | / / / /
 =========|_|==============|___/=/_/_/_/

 :: Spring Boot ::                (v3.5.3)

2025-07-13T00:29:57.704+05:30  INFO 17384 --- [sprint-learn] [           main] c.c.s.SprintLearnApplicationTests        : Starting SprintLearnApplicationTests using Java 17.0.11 with PID 17384 (started by HP in C:\Users\HP\eclipse-workspace\spring-learn)
2025-07-13T00:29:57.708+05:30  INFO 17384 --- [sprint-learn] [           main] c.c.s.SprintLearnApplicationTests        : No active profile set, falling back to 1 default profile: "default"
2025-07-13T00:30:00.794+05:30  INFO 17384 --- [sprint-learn] [           main] c.c.s.SprintLearnApplicationTests        : Started SprintLearnApplicationTests in 4.002 seconds (process running for 6.7)
]]></system-out>
  </testcase>
</testsuite>